<?xml version="1.0" encoding="UTF-8"?>
<testsuite name="RationalTest" tests="3" skipped="0" failures="0" errors="0" timestamp="2023-09-13T10:10:13" hostname="Suppanuts-MBP.true.true" time="0.008">
  <properties/>
  <testcase name="testAdd" classname="RationalTest" time="0.005"/>
  <testcase name="testSubtract" classname="RationalTest" time="0.0"/>
  <testcase name="testMultiply" classname="RationalTest" time="0.0"/>
  <system-out><![CDATA[]]></system-out>
  <system-err><![CDATA[]]></system-err>
</testsuite>
